Using pre-set license
Built from '2020.3/staging' branch; Version is '2020.3.13f1 (71691879b7f5) revision 7432472'; Using compiler version '192528614'; Build Type 'Release'
OS: 'Windows 10 Home; OS build 19043.1288; Version 2009; 64bit' Language: 'el' Physical Memory: 16263 MB
BatchMode: 1, IsHumanControllingUs: 0, StartBugReporterOnCrash: 0, Is64bit: 1, IsPro: 0

 COMMAND LINE ARGUMENTS:
C:\Program Files\Unity\Hub\Editor\2020.3.13f1\Editor\Unity.exe
-adb2
-batchMode
-noUpm
-name
AssetImportWorker0
-projectPath
E:/unity_intro/Learn-Unity/intro_3
-logFile
Logs/AssetImportWorker0.log
-srvPort
62321
Successfully changed project path to: E:/unity_intro/Learn-Unity/intro_3
E:/unity_intro/Learn-Unity/intro_3
Using Asset Import Pipeline V2.
Refreshing native plugins compatible for Editor in 31.48 ms, found 2 plugins.
Preloading 0 native plugins for Editor in 0.00 ms.
Initialize engine version: 2020.3.13f1 (71691879b7f5)
[Subsystems] Discovering subsystems at path C:/Program Files/Unity/Hub/Editor/2020.3.13f1/Editor/Data/Resources/UnitySubsystems
[Subsystems] Discovering subsystems at path E:/unity_intro/Learn-Unity/intro_3/Assets
GfxDevice: creating device client; threaded=0
Direct3D:
    Version:  Direct3D 11.0 [level 11.1]
    Renderer: Radeon 520 Series (ID=0x6665)
    Vendor:   
    VRAM:     2039 MB
    Driver:   27.20.1012.12
Initialize mono
Mono path[0] = 'C:/Program Files/Unity/Hub/Editor/2020.3.13f1/Editor/Data/Managed'
Mono path[1] = 'C:/Program Files/Unity/Hub/Editor/2020.3.13f1/Editor/Data/MonoBleedingEdge/lib/mono/unityjit'
Mono config path = 'C:/Program Files/Unity/Hub/Editor/2020.3.13f1/Editor/Data/MonoBleedingEdge/etc'
Using monoOptions --debugger-agent=transport=dt_socket,embedding=1,server=y,suspend=n,address=127.0.0.1:56972
Begin MonoManager ReloadAssembly
Registering precompiled unity dll's ...
Register platform support module: C:/Program Files/Unity/Hub/Editor/2020.3.13f1/Editor/Data/PlaybackEngines/WindowsStandaloneSupport/UnityEditor.WindowsStandalone.Extensions.dll
Registered in 0.002652 seconds.
Native extension for WindowsStandalone target not found
Refreshing native plugins compatible for Editor in 29.95 ms, found 2 plugins.
Preloading 0 native plugins for Editor in 0.00 ms.
Mono: successfully reloaded assembly
- Completed reload, in  2.012 seconds
Platform modules already initialized, skipping
Registering precompiled user dll's ...
Registered in 0.003808 seconds.
Begin MonoManager ReloadAssembly
Native extension for WindowsStandalone target not found
Refreshing native plugins compatible for Editor in 0.30 ms, found 2 plugins.
Preloading 0 native plugins for Editor in 0.00 ms.
Mono: successfully reloaded assembly
- Completed reload, in  1.610 seconds
Platform modules already initialized, skipping
========================================================================
Worker process is ready to serve import requests
Launched and connected shader compiler UnityShaderCompiler.exe after 0.16 seconds
Refreshing native plugins compatible for Editor in 0.28 ms, found 2 plugins.
Preloading 0 native plugins for Editor in 0.00 ms.
Unloading 1391 Unused Serialized files (Serialized files now loaded: 0)
System memory in use before: 64.8 MB.
System memory in use after: 64.8 MB.

Unloading 19 unused Assets to reduce memory usage. Loaded Objects now: 1824.
Total: 2.322200 ms (FindLiveObjects: 0.156100 ms CreateObjectMapping: 0.044100 ms MarkObjects: 2.042000 ms  DeleteObjects: 0.078800 ms)

AssetImportParameters requested are different than current active one (requested -> active):
  custom:framework-win-MediaFoundation: 216162199b28c13a410421893ffa2e32 -> 
  custom:video-decoder-ogg-theora: a1e56fd34408186e4bbccfd4996cb3dc -> 
  custom:container-muxer-webm: aa71ff27fc2769a1b78a27578f13a17b -> 
  custom:container-demuxer-webm: 4f35f7cbe854078d1ac9338744f61a02 -> 
  custom:container-demuxer-ogg: 62fdf1f143b41e24485cea50d1cbac27 -> 
  custom:video-encoder-webm-vp8: eb34c28f22e8b96e1ab97ce403110664 -> 
  custom:video-decoder-webm-vp8: 9c59270c3fd7afecdb556c50c9e8de78 -> 
  custom:audio-decoder-ogg-vorbis: bf7c407c2cedff20999df2af8eb42d56 -> 
  custom:audio-encoder-webm-vorbis: bf7c407c2cedff20999df2af8eb42d56 -> 
========================================================================
Received Import Request.
  path: Assets/Colors
  artifactKey: Guid(4975b6b29187f0b4f88d6a71274429ed) Importer(815301076,1909f56bfc062723c751e8b465ee728b)
Start importing Assets/Colors using Guid(4975b6b29187f0b4f88d6a71274429ed) Importer(815301076,1909f56bfc062723c751e8b465ee728b)  -> (artifact id: '2f8fb31844b15e89e7d0a2de681aa27a') in 0.010791 seconds 
  Import took 0.013408 seconds .

========================================================================
Received Import Request.
  Time since last request: 0.000226 seconds.
  path: Assets/Code
  artifactKey: Guid(e661d3f8005231b4589cb747e0b61ba5) Importer(815301076,1909f56bfc062723c751e8b465ee728b)
Start importing Assets/Code using Guid(e661d3f8005231b4589cb747e0b61ba5) Importer(815301076,1909f56bfc062723c751e8b465ee728b)  -> (artifact id: 'f64de3677a1f328ce3c39708f07f8d65') in 0.016764 seconds 
  Import took 0.020017 seconds .

========================================================================
Received Import Request.
  Time since last request: 20.327668 seconds.
  path: Assets/Colors/cubec.mat
  artifactKey: Guid(e96ab96a2f301ad46a31d16141bff05f) Importer(815301076,1909f56bfc062723c751e8b465ee728b)
Start importing Assets/Colors/cubec.mat using Guid(e96ab96a2f301ad46a31d16141bff05f) Importer(815301076,1909f56bfc062723c751e8b465ee728b)  -> (artifact id: '447cad59693f8fd08fb47f4c640e47aa') in 0.141761 seconds 
  Import took 0.144849 seconds .

========================================================================
Received Import Request.
  Time since last request: 0.000243 seconds.
  path: Assets/Colors/planec.mat
  artifactKey: Guid(ab1b954829d2b3440bb644f27b1dac1e) Importer(815301076,1909f56bfc062723c751e8b465ee728b)
Start importing Assets/Colors/planec.mat using Guid(ab1b954829d2b3440bb644f27b1dac1e) Importer(815301076,1909f56bfc062723c751e8b465ee728b)  -> (artifact id: 'beb77476e0a461433f11f1e6546a9dc6') in 0.020971 seconds 
  Import took 0.024614 seconds .

========================================================================
Received Import Request.
  Time since last request: 0.003528 seconds.
  path: Assets/Colors/planec.mat
  artifactKey: Guid(ab1b954829d2b3440bb644f27b1dac1e) Importer(815301076,1909f56bfc062723c751e8b465ee728b)
Start importing Assets/Colors/planec.mat using Guid(ab1b954829d2b3440bb644f27b1dac1e) Importer(815301076,1909f56bfc062723c751e8b465ee728b)  -> (artifact id: 'beb77476e0a461433f11f1e6546a9dc6') in 0.050721 seconds 
  Import took 0.053729 seconds .

========================================================================
Received Import Request.
  Time since last request: 8.904921 seconds.
  path: Assets/Code/cubecode.cs
  artifactKey: Guid(20cec7150b790f34fb9cdde7278526a1) Importer(815301076,1909f56bfc062723c751e8b465ee728b)
Start importing Assets/Code/cubecode.cs using Guid(20cec7150b790f34fb9cdde7278526a1) Importer(815301076,1909f56bfc062723c751e8b465ee728b)  -> (artifact id: 'e1559edb7f568b1f7f09b86f65a3d2d1') in 0.010431 seconds 
  Import took 0.013843 seconds .

========================================================================
Received Import Request.
  Time since last request: 0.088999 seconds.
  path: Assets/Code/cubecode.cs
  artifactKey: Guid(20cec7150b790f34fb9cdde7278526a1) Importer(815301076,1909f56bfc062723c751e8b465ee728b)
Start importing Assets/Code/cubecode.cs using Guid(20cec7150b790f34fb9cdde7278526a1) Importer(815301076,1909f56bfc062723c751e8b465ee728b)  -> (artifact id: 'e1559edb7f568b1f7f09b86f65a3d2d1') in 0.003928 seconds 
  Import took 0.008374 seconds .

========================================================================
Received Import Request.
  Time since last request: 252.820468 seconds.
  path: Assets/Code/cubecode.cs
  artifactKey: Guid(20cec7150b790f34fb9cdde7278526a1) Importer(815301076,1909f56bfc062723c751e8b465ee728b)
Start importing Assets/Code/cubecode.cs using Guid(20cec7150b790f34fb9cdde7278526a1) Importer(815301076,1909f56bfc062723c751e8b465ee728b)  -> (artifact id: 'd5d0bc125c730eb32069ede17e8ed0c4') in 0.013098 seconds 
  Import took 0.020124 seconds .

========================================================================
Received Prepare
Registering precompiled user dll's ...
Registered in 0.004459 seconds.
Begin MonoManager ReloadAssembly
Native extension for WindowsStandalone target not found
Refreshing native plugins compatible for Editor in 0.30 ms, found 2 plugins.
Preloading 0 native plugins for Editor in 0.00 ms.
Mono: successfully reloaded assembly
- Completed reload, in  1.479 seconds
Platform modules already initialized, skipping
Refreshing native plugins compatible for Editor in 0.30 ms, found 2 plugins.
Preloading 0 native plugins for Editor in 0.00 ms.
Unloading 1386 Unused Serialized files (Serialized files now loaded: 0)
System memory in use before: 68.1 MB.
System memory in use after: 68.2 MB.

Unloading 14 unused Assets to reduce memory usage. Loaded Objects now: 1867.
Total: 2.454500 ms (FindLiveObjects: 0.178900 ms CreateObjectMapping: 0.049100 ms MarkObjects: 2.166900 ms  DeleteObjects: 0.058400 ms)

AssetImportParameters requested are different than current active one (requested -> active):
  custom:framework-win-MediaFoundation: 216162199b28c13a410421893ffa2e32 -> 
  custom:video-decoder-ogg-theora: a1e56fd34408186e4bbccfd4996cb3dc -> 
  custom:container-muxer-webm: aa71ff27fc2769a1b78a27578f13a17b -> 
  custom:container-demuxer-webm: 4f35f7cbe854078d1ac9338744f61a02 -> 
  custom:container-demuxer-ogg: 62fdf1f143b41e24485cea50d1cbac27 -> 
  custom:video-encoder-webm-vp8: eb34c28f22e8b96e1ab97ce403110664 -> 
  custom:video-decoder-webm-vp8: 9c59270c3fd7afecdb556c50c9e8de78 -> 
  custom:audio-decoder-ogg-vorbis: bf7c407c2cedff20999df2af8eb42d56 -> 
  custom:audio-encoder-webm-vorbis: bf7c407c2cedff20999df2af8eb42d56 -> 
========================================================================
Received Prepare
Registering precompiled user dll's ...
Registered in 0.004397 seconds.
Begin MonoManager ReloadAssembly
Native extension for WindowsStandalone target not found
Refreshing native plugins compatible for Editor in 0.48 ms, found 2 plugins.
Preloading 0 native plugins for Editor in 0.00 ms.
Mono: successfully reloaded assembly
- Completed reload, in  1.716 seconds
Platform modules already initialized, skipping
Refreshing native plugins compatible for Editor in 0.68 ms, found 2 plugins.
Preloading 0 native plugins for Editor in 0.00 ms.
Unloading 1386 Unused Serialized files (Serialized files now loaded: 0)
System memory in use before: 68.1 MB.
System memory in use after: 68.2 MB.

Unloading 14 unused Assets to reduce memory usage. Loaded Objects now: 1870.
Total: 2.536000 ms (FindLiveObjects: 0.150000 ms CreateObjectMapping: 0.047500 ms MarkObjects: 2.263800 ms  DeleteObjects: 0.073400 ms)

AssetImportParameters requested are different than current active one (requested -> active):
  custom:framework-win-MediaFoundation: 216162199b28c13a410421893ffa2e32 -> 
  custom:video-decoder-ogg-theora: a1e56fd34408186e4bbccfd4996cb3dc -> 
  custom:container-muxer-webm: aa71ff27fc2769a1b78a27578f13a17b -> 
  custom:container-demuxer-webm: 4f35f7cbe854078d1ac9338744f61a02 -> 
  custom:container-demuxer-ogg: 62fdf1f143b41e24485cea50d1cbac27 -> 
  custom:video-encoder-webm-vp8: eb34c28f22e8b96e1ab97ce403110664 -> 
  custom:video-decoder-webm-vp8: 9c59270c3fd7afecdb556c50c9e8de78 -> 
  custom:audio-decoder-ogg-vorbis: bf7c407c2cedff20999df2af8eb42d56 -> 
  custom:audio-encoder-webm-vorbis: bf7c407c2cedff20999df2af8eb42d56 -> 
========================================================================
Received Import Request.
  Time since last request: 219.764951 seconds.
  path: Assets/Code/cubecode.cs
  artifactKey: Guid(20cec7150b790f34fb9cdde7278526a1) Importer(815301076,1909f56bfc062723c751e8b465ee728b)
Start importing Assets/Code/cubecode.cs using Guid(20cec7150b790f34fb9cdde7278526a1) Importer(815301076,1909f56bfc062723c751e8b465ee728b)  -> (artifact id: 'b80305ebf5262edf35e7c99e8a46edc8') in 0.005648 seconds 
  Import took 0.091509 seconds .

========================================================================
Received Prepare
Registering precompiled user dll's ...
Registered in 0.003951 seconds.
Begin MonoManager ReloadAssembly
Native extension for WindowsStandalone target not found
Refreshing native plugins compatible for Editor in 0.34 ms, found 2 plugins.
Preloading 0 native plugins for Editor in 0.00 ms.
Mono: successfully reloaded assembly
- Completed reload, in  1.192 seconds
Platform modules already initialized, skipping
Refreshing native plugins compatible for Editor in 0.34 ms, found 2 plugins.
Preloading 0 native plugins for Editor in 0.00 ms.
Unloading 1386 Unused Serialized files (Serialized files now loaded: 0)
System memory in use before: 68.1 MB.
System memory in use after: 68.2 MB.

Unloading 14 unused Assets to reduce memory usage. Loaded Objects now: 1873.
Total: 2.493700 ms (FindLiveObjects: 0.162800 ms CreateObjectMapping: 0.044900 ms MarkObjects: 2.210800 ms  DeleteObjects: 0.073800 ms)

AssetImportParameters requested are different than current active one (requested -> active):
  custom:framework-win-MediaFoundation: 216162199b28c13a410421893ffa2e32 -> 
  custom:video-decoder-ogg-theora: a1e56fd34408186e4bbccfd4996cb3dc -> 
  custom:container-muxer-webm: aa71ff27fc2769a1b78a27578f13a17b -> 
  custom:container-demuxer-webm: 4f35f7cbe854078d1ac9338744f61a02 -> 
  custom:container-demuxer-ogg: 62fdf1f143b41e24485cea50d1cbac27 -> 
  custom:video-encoder-webm-vp8: eb34c28f22e8b96e1ab97ce403110664 -> 
  custom:video-decoder-webm-vp8: 9c59270c3fd7afecdb556c50c9e8de78 -> 
  custom:audio-decoder-ogg-vorbis: bf7c407c2cedff20999df2af8eb42d56 -> 
  custom:audio-encoder-webm-vorbis: bf7c407c2cedff20999df2af8eb42d56 -> 
========================================================================
Received Import Request.
  Time since last request: 122.761680 seconds.
  path: Assets/IMG/logo_c_black_h1000_bgClear.png
  artifactKey: Guid(f9a691985abe0be4b9d65299c0073f7d) Importer(815301076,1909f56bfc062723c751e8b465ee728b)
Start importing Assets/IMG/logo_c_black_h1000_bgClear.png using Guid(f9a691985abe0be4b9d65299c0073f7d) Importer(815301076,1909f56bfc062723c751e8b465ee728b)  -> (artifact id: '3435b6ae868e4547a4f862ba53c7340b') in 0.103716 seconds 
  Import took 0.509185 seconds .

========================================================================
Received Import Request.
  Time since last request: 0.000520 seconds.
  path: Assets/IMG/logo_c_black_h1000_bgClear.png
  artifactKey: Guid(f9a691985abe0be4b9d65299c0073f7d) Importer(815301076,1909f56bfc062723c751e8b465ee728b)
Start importing Assets/IMG/logo_c_black_h1000_bgClear.png using Guid(f9a691985abe0be4b9d65299c0073f7d) Importer(815301076,1909f56bfc062723c751e8b465ee728b)  -> (artifact id: '3435b6ae868e4547a4f862ba53c7340b') in 0.038752 seconds 
  Import took 0.041839 seconds .

AssetImportWorkerClient::OnTransportError - code=2 error=End of file
