Using pre-set license
Built from '2020.3/staging' branch; Version is '2020.3.13f1 (71691879b7f5) revision 7432472'; Using compiler version '192528614'; Build Type 'Release'
OS: 'Windows 10 Home; OS build 19043.1288; Version 2009; 64bit' Language: 'el' Physical Memory: 16263 MB
BatchMode: 1, IsHumanControllingUs: 0, StartBugReporterOnCrash: 0, Is64bit: 1, IsPro: 0

 COMMAND LINE ARGUMENTS:
C:\Program Files\Unity\Hub\Editor\2020.3.13f1\Editor\Unity.exe
-adb2
-batchMode
-noUpm
-name
AssetImportWorker0
-projectPath
E:/unity_intro/Learn-Unity/intro_5
-logFile
Logs/AssetImportWorker0.log
-srvPort
52647
Successfully changed project path to: E:/unity_intro/Learn-Unity/intro_5
E:/unity_intro/Learn-Unity/intro_5
Using Asset Import Pipeline V2.
Refreshing native plugins compatible for Editor in 32.46 ms, found 2 plugins.
Preloading 0 native plugins for Editor in 0.00 ms.
Initialize engine version: 2020.3.13f1 (71691879b7f5)
[Subsystems] Discovering subsystems at path C:/Program Files/Unity/Hub/Editor/2020.3.13f1/Editor/Data/Resources/UnitySubsystems
[Subsystems] Discovering subsystems at path E:/unity_intro/Learn-Unity/intro_5/Assets
GfxDevice: creating device client; threaded=0
Direct3D:
    Version:  Direct3D 11.0 [level 11.1]
    Renderer: Radeon 520 Series (ID=0x6665)
    Vendor:   
    VRAM:     2039 MB
    Driver:   27.20.1012.12
Initialize mono
Mono path[0] = 'C:/Program Files/Unity/Hub/Editor/2020.3.13f1/Editor/Data/Managed'
Mono path[1] = 'C:/Program Files/Unity/Hub/Editor/2020.3.13f1/Editor/Data/MonoBleedingEdge/lib/mono/unityjit'
Mono config path = 'C:/Program Files/Unity/Hub/Editor/2020.3.13f1/Editor/Data/MonoBleedingEdge/etc'
Using monoOptions --debugger-agent=transport=dt_socket,embedding=1,server=y,suspend=n,address=127.0.0.1:56604
Begin MonoManager ReloadAssembly
Registering precompiled unity dll's ...
Register platform support module: C:/Program Files/Unity/Hub/Editor/2020.3.13f1/Editor/Data/PlaybackEngines/WindowsStandaloneSupport/UnityEditor.WindowsStandalone.Extensions.dll
Registered in 0.002331 seconds.
Native extension for WindowsStandalone target not found
Refreshing native plugins compatible for Editor in 31.34 ms, found 2 plugins.
Preloading 0 native plugins for Editor in 0.00 ms.
Mono: successfully reloaded assembly
- Completed reload, in  2.356 seconds
Platform modules already initialized, skipping
Registering precompiled user dll's ...
Registered in 0.003871 seconds.
Begin MonoManager ReloadAssembly
Native extension for WindowsStandalone target not found
Refreshing native plugins compatible for Editor in 0.31 ms, found 2 plugins.
Preloading 0 native plugins for Editor in 0.00 ms.
Mono: successfully reloaded assembly
- Completed reload, in  1.384 seconds
Platform modules already initialized, skipping
========================================================================
Worker process is ready to serve import requests
Launched and connected shader compiler UnityShaderCompiler.exe after 0.06 seconds
Refreshing native plugins compatible for Editor in 0.30 ms, found 2 plugins.
Preloading 0 native plugins for Editor in 0.00 ms.
Unloading 1391 Unused Serialized files (Serialized files now loaded: 0)
System memory in use before: 64.9 MB.
System memory in use after: 65.0 MB.

Unloading 19 unused Assets to reduce memory usage. Loaded Objects now: 1824.
Total: 2.053500 ms (FindLiveObjects: 0.166300 ms CreateObjectMapping: 0.048500 ms MarkObjects: 1.751200 ms  DeleteObjects: 0.086400 ms)

AssetImportParameters requested are different than current active one (requested -> active):
  custom:framework-win-MediaFoundation: 216162199b28c13a410421893ffa2e32 -> 
  custom:video-decoder-ogg-theora: a1e56fd34408186e4bbccfd4996cb3dc -> 
  custom:container-muxer-webm: aa71ff27fc2769a1b78a27578f13a17b -> 
  custom:container-demuxer-webm: 4f35f7cbe854078d1ac9338744f61a02 -> 
  custom:container-demuxer-ogg: 62fdf1f143b41e24485cea50d1cbac27 -> 
  custom:video-encoder-webm-vp8: eb34c28f22e8b96e1ab97ce403110664 -> 
  custom:video-decoder-webm-vp8: 9c59270c3fd7afecdb556c50c9e8de78 -> 
  custom:audio-decoder-ogg-vorbis: bf7c407c2cedff20999df2af8eb42d56 -> 
  custom:audio-encoder-webm-vorbis: bf7c407c2cedff20999df2af8eb42d56 -> 
========================================================================
Received Import Request.
  path: Assets/Colors/planec.mat
  artifactKey: Guid(ab1b954829d2b3440bb644f27b1dac1e) Importer(815301076,1909f56bfc062723c751e8b465ee728b)
Start importing Assets/Colors/planec.mat using Guid(ab1b954829d2b3440bb644f27b1dac1e) Importer(815301076,1909f56bfc062723c751e8b465ee728b)  -> (artifact id: 'beb77476e0a461433f11f1e6546a9dc6') in 0.166579 seconds 
  Import took 0.169573 seconds .

========================================================================
Received Import Request.
  Time since last request: 0.000218 seconds.
  path: Assets/Colors/cubec.mat
  artifactKey: Guid(e96ab96a2f301ad46a31d16141bff05f) Importer(815301076,1909f56bfc062723c751e8b465ee728b)
Start importing Assets/Colors/cubec.mat using Guid(e96ab96a2f301ad46a31d16141bff05f) Importer(815301076,1909f56bfc062723c751e8b465ee728b)  -> (artifact id: '447cad59693f8fd08fb47f4c640e47aa') in 0.025860 seconds 
  Import took 0.030240 seconds .

========================================================================
Received Import Request.
  Time since last request: 0.000273 seconds.
  path: Assets/Colors
  artifactKey: Guid(e38b74db98839fc4ba1e2d22775fc375) Importer(815301076,1909f56bfc062723c751e8b465ee728b)
Start importing Assets/Colors using Guid(e38b74db98839fc4ba1e2d22775fc375) Importer(815301076,1909f56bfc062723c751e8b465ee728b)  -> (artifact id: '63ca97ad3b0ab72ae4b707cf4f4d3c0a') in 0.013459 seconds 
  Import took 0.016995 seconds .

========================================================================
Received Import Request.
  Time since last request: 33.454678 seconds.
  path: Assets/Code
  artifactKey: Guid(b27016477a59148408390c62123c04a0) Importer(815301076,1909f56bfc062723c751e8b465ee728b)
Start importing Assets/Code using Guid(b27016477a59148408390c62123c04a0) Importer(815301076,1909f56bfc062723c751e8b465ee728b)  -> (artifact id: '5af459d27d680226813cb50ecd5d9144') in 0.008484 seconds 
  Import took 0.012382 seconds .

========================================================================
Received Import Request.
  Time since last request: 3.556679 seconds.
  path: Assets/Code/cubecode.cs
  artifactKey: Guid(20cec7150b790f34fb9cdde7278526a1) Importer(815301076,1909f56bfc062723c751e8b465ee728b)
Start importing Assets/Code/cubecode.cs using Guid(20cec7150b790f34fb9cdde7278526a1) Importer(815301076,1909f56bfc062723c751e8b465ee728b)  -> (artifact id: 'ec2e5cd3ef980a1b51fd602baa415c98') in 0.013747 seconds 
  Import took 0.017237 seconds .

========================================================================
Received Import Request.
  Time since last request: 2.216889 seconds.
  path: Assets/Code/cubecode.cs
  artifactKey: Guid(20cec7150b790f34fb9cdde7278526a1) Importer(815301076,1909f56bfc062723c751e8b465ee728b)
Start importing Assets/Code/cubecode.cs using Guid(20cec7150b790f34fb9cdde7278526a1) Importer(815301076,1909f56bfc062723c751e8b465ee728b)  -> (artifact id: 'ec2e5cd3ef980a1b51fd602baa415c98') in 0.002933 seconds 
  Import took 0.007538 seconds .

========================================================================
Received Prepare
Registering precompiled user dll's ...
Registered in 0.020491 seconds.
Begin MonoManager ReloadAssembly
Native extension for WindowsStandalone target not found
Refreshing native plugins compatible for Editor in 0.47 ms, found 2 plugins.
Preloading 0 native plugins for Editor in 0.00 ms.
Mono: successfully reloaded assembly
- Completed reload, in  2.628 seconds
Platform modules already initialized, skipping
Refreshing native plugins compatible for Editor in 0.61 ms, found 2 plugins.
Preloading 0 native plugins for Editor in 0.04 ms.
Unloading 1386 Unused Serialized files (Serialized files now loaded: 0)
System memory in use before: 68.2 MB.
System memory in use after: 68.3 MB.

Unloading 14 unused Assets to reduce memory usage. Loaded Objects now: 1867.
Total: 4.441200 ms (FindLiveObjects: 0.206100 ms CreateObjectMapping: 0.191600 ms MarkObjects: 3.942600 ms  DeleteObjects: 0.098900 ms)

AssetImportParameters requested are different than current active one (requested -> active):
  custom:framework-win-MediaFoundation: 216162199b28c13a410421893ffa2e32 -> 
  custom:video-decoder-ogg-theora: a1e56fd34408186e4bbccfd4996cb3dc -> 
  custom:container-muxer-webm: aa71ff27fc2769a1b78a27578f13a17b -> 
  custom:container-demuxer-webm: 4f35f7cbe854078d1ac9338744f61a02 -> 
  custom:container-demuxer-ogg: 62fdf1f143b41e24485cea50d1cbac27 -> 
  custom:video-encoder-webm-vp8: eb34c28f22e8b96e1ab97ce403110664 -> 
  custom:video-decoder-webm-vp8: 9c59270c3fd7afecdb556c50c9e8de78 -> 
  custom:audio-decoder-ogg-vorbis: bf7c407c2cedff20999df2af8eb42d56 -> 
  custom:audio-encoder-webm-vorbis: bf7c407c2cedff20999df2af8eb42d56 -> 
========================================================================
Received Import Request.
  Time since last request: 405.916276 seconds.
  path: Assets/Code/cubecode.cs
  artifactKey: Guid(20cec7150b790f34fb9cdde7278526a1) Importer(815301076,1909f56bfc062723c751e8b465ee728b)
Start importing Assets/Code/cubecode.cs using Guid(20cec7150b790f34fb9cdde7278526a1) Importer(815301076,1909f56bfc062723c751e8b465ee728b)  -> (artifact id: '27d5d8adff6c659433d9470526156060') in 0.015076 seconds 
  Import took 0.020988 seconds .

========================================================================
Received Prepare
Registering precompiled user dll's ...
Registered in 0.011393 seconds.
Begin MonoManager ReloadAssembly
Native extension for WindowsStandalone target not found
Refreshing native plugins compatible for Editor in 0.53 ms, found 2 plugins.
Preloading 0 native plugins for Editor in 0.00 ms.
Mono: successfully reloaded assembly
- Completed reload, in  2.555 seconds
Platform modules already initialized, skipping
Refreshing native plugins compatible for Editor in 0.62 ms, found 2 plugins.
Preloading 0 native plugins for Editor in 0.00 ms.
Unloading 1386 Unused Serialized files (Serialized files now loaded: 0)
System memory in use before: 68.2 MB.
System memory in use after: 68.3 MB.

Unloading 14 unused Assets to reduce memory usage. Loaded Objects now: 1870.
Total: 4.265000 ms (FindLiveObjects: 0.336100 ms CreateObjectMapping: 0.134100 ms MarkObjects: 3.643700 ms  DeleteObjects: 0.148100 ms)

AssetImportParameters requested are different than current active one (requested -> active):
  custom:framework-win-MediaFoundation: 216162199b28c13a410421893ffa2e32 -> 
  custom:video-decoder-ogg-theora: a1e56fd34408186e4bbccfd4996cb3dc -> 
  custom:container-muxer-webm: aa71ff27fc2769a1b78a27578f13a17b -> 
  custom:container-demuxer-webm: 4f35f7cbe854078d1ac9338744f61a02 -> 
  custom:container-demuxer-ogg: 62fdf1f143b41e24485cea50d1cbac27 -> 
  custom:video-encoder-webm-vp8: eb34c28f22e8b96e1ab97ce403110664 -> 
  custom:video-decoder-webm-vp8: 9c59270c3fd7afecdb556c50c9e8de78 -> 
  custom:audio-decoder-ogg-vorbis: bf7c407c2cedff20999df2af8eb42d56 -> 
  custom:audio-encoder-webm-vorbis: bf7c407c2cedff20999df2af8eb42d56 -> 
========================================================================
Received Import Request.
  Time since last request: 158.544863 seconds.
  path: Assets/Code/cubecode.cs
  artifactKey: Guid(20cec7150b790f34fb9cdde7278526a1) Importer(815301076,1909f56bfc062723c751e8b465ee728b)
Start importing Assets/Code/cubecode.cs using Guid(20cec7150b790f34fb9cdde7278526a1) Importer(815301076,1909f56bfc062723c751e8b465ee728b)  -> (artifact id: '79961d9312f9c987e560e367bbf5caa4') in 0.011448 seconds 
  Import took 0.019268 seconds .

========================================================================
Received Prepare
Registering precompiled user dll's ...
Registered in 0.475996 seconds.
Begin MonoManager ReloadAssembly
Native extension for WindowsStandalone target not found
Refreshing native plugins compatible for Editor in 2.09 ms, found 2 plugins.
Preloading 0 native plugins for Editor in 0.00 ms.
Mono: successfully reloaded assembly
- Completed reload, in  5.163 seconds
Platform modules already initialized, skipping
Refreshing native plugins compatible for Editor in 0.73 ms, found 2 plugins.
Preloading 0 native plugins for Editor in 0.00 ms.
Unloading 1386 Unused Serialized files (Serialized files now loaded: 0)
System memory in use before: 68.2 MB.
System memory in use after: 68.3 MB.

Unloading 14 unused Assets to reduce memory usage. Loaded Objects now: 1873.
Total: 4.818300 ms (FindLiveObjects: 0.569800 ms CreateObjectMapping: 0.197200 ms MarkObjects: 3.929500 ms  DeleteObjects: 0.120000 ms)

AssetImportParameters requested are different than current active one (requested -> active):
  custom:framework-win-MediaFoundation: 216162199b28c13a410421893ffa2e32 -> 
  custom:video-decoder-ogg-theora: a1e56fd34408186e4bbccfd4996cb3dc -> 
  custom:container-muxer-webm: aa71ff27fc2769a1b78a27578f13a17b -> 
  custom:container-demuxer-webm: 4f35f7cbe854078d1ac9338744f61a02 -> 
  custom:container-demuxer-ogg: 62fdf1f143b41e24485cea50d1cbac27 -> 
  custom:video-encoder-webm-vp8: eb34c28f22e8b96e1ab97ce403110664 -> 
  custom:video-decoder-webm-vp8: 9c59270c3fd7afecdb556c50c9e8de78 -> 
  custom:audio-decoder-ogg-vorbis: bf7c407c2cedff20999df2af8eb42d56 -> 
  custom:audio-encoder-webm-vorbis: bf7c407c2cedff20999df2af8eb42d56 -> 
========================================================================
Received Import Request.
  Time since last request: 56.617696 seconds.
  path: Assets/Code/cubecode.cs
  artifactKey: Guid(20cec7150b790f34fb9cdde7278526a1) Importer(815301076,1909f56bfc062723c751e8b465ee728b)
Start importing Assets/Code/cubecode.cs using Guid(20cec7150b790f34fb9cdde7278526a1) Importer(815301076,1909f56bfc062723c751e8b465ee728b)  -> (artifact id: 'e611bebaa994bacbb94cf79d3f390364') in 0.020447 seconds 
  Import took 0.027436 seconds .

========================================================================
Received Prepare
Registering precompiled user dll's ...
Registered in 0.007446 seconds.
Begin MonoManager ReloadAssembly
Native extension for WindowsStandalone target not found
Refreshing native plugins compatible for Editor in 0.74 ms, found 2 plugins.
Preloading 0 native plugins for Editor in 0.00 ms.
Mono: successfully reloaded assembly
- Completed reload, in  2.074 seconds
Platform modules already initialized, skipping
Refreshing native plugins compatible for Editor in 0.38 ms, found 2 plugins.
Preloading 0 native plugins for Editor in 0.00 ms.
Unloading 1386 Unused Serialized files (Serialized files now loaded: 0)
System memory in use before: 68.2 MB.
System memory in use after: 68.3 MB.

Unloading 14 unused Assets to reduce memory usage. Loaded Objects now: 1876.
Total: 3.230600 ms (FindLiveObjects: 0.193100 ms CreateObjectMapping: 0.057500 ms MarkObjects: 2.901500 ms  DeleteObjects: 0.076800 ms)

AssetImportParameters requested are different than current active one (requested -> active):
  custom:framework-win-MediaFoundation: 216162199b28c13a410421893ffa2e32 -> 
  custom:video-decoder-ogg-theora: a1e56fd34408186e4bbccfd4996cb3dc -> 
  custom:container-muxer-webm: aa71ff27fc2769a1b78a27578f13a17b -> 
  custom:container-demuxer-webm: 4f35f7cbe854078d1ac9338744f61a02 -> 
  custom:container-demuxer-ogg: 62fdf1f143b41e24485cea50d1cbac27 -> 
  custom:video-encoder-webm-vp8: eb34c28f22e8b96e1ab97ce403110664 -> 
  custom:video-decoder-webm-vp8: 9c59270c3fd7afecdb556c50c9e8de78 -> 
  custom:audio-decoder-ogg-vorbis: bf7c407c2cedff20999df2af8eb42d56 -> 
  custom:audio-encoder-webm-vorbis: bf7c407c2cedff20999df2af8eb42d56 -> 
========================================================================
Received Import Request.
  Time since last request: 251.690118 seconds.
  path: Assets/IMG/logo_c_black_h1000_bgClear.png
  artifactKey: Guid(f9a691985abe0be4b9d65299c0073f7d) Importer(815301076,1909f56bfc062723c751e8b465ee728b)
Start importing Assets/IMG/logo_c_black_h1000_bgClear.png using Guid(f9a691985abe0be4b9d65299c0073f7d) Importer(815301076,1909f56bfc062723c751e8b465ee728b)  -> (artifact id: '3435b6ae868e4547a4f862ba53c7340b') in 0.100930 seconds 
  Import took 0.105041 seconds .

========================================================================
Received Import Request.
  Time since last request: 0.004362 seconds.
  path: Assets/IMG/logo_c_black_h1000_bgClear.png
  artifactKey: Guid(f9a691985abe0be4b9d65299c0073f7d) Importer(815301076,1909f56bfc062723c751e8b465ee728b)
Start importing Assets/IMG/logo_c_black_h1000_bgClear.png using Guid(f9a691985abe0be4b9d65299c0073f7d) Importer(815301076,1909f56bfc062723c751e8b465ee728b)  -> (artifact id: '3435b6ae868e4547a4f862ba53c7340b') in 0.016901 seconds 
  Import took 0.020612 seconds .

AssetImportWorkerClient::OnTransportError - code=2 error=End of file
