Using pre-set license
Built from '2020.3/staging' branch; Version is '2020.3.25f1 (9b9180224418) revision 10195328'; Using compiler version '192528614'; Build Type 'Release'
OS: 'Windows 10  (10.0.19044) 64bit Professional' Language: 'el' Physical Memory: 32714 MB
BatchMode: 1, IsHumanControllingUs: 0, StartBugReporterOnCrash: 0, Is64bit: 1, IsPro: 0

COMMAND LINE ARGUMENTS:
C:\Program Files\Unity\Hub\Editor\2020.3.25f1\Editor\Unity.exe
-adb2
-batchMode
-noUpm
-name
AssetImportWorker0
-projectPath
C:/Users/Konstantinos Sakkas/Documents/GitHub/Learn-Unity-Intro/intro_16
-logFile
Logs/AssetImportWorker0.log
-srvPort
64460
Successfully changed project path to: C:/Users/Konstantinos Sakkas/Documents/GitHub/Learn-Unity-Intro/intro_16
C:/Users/Konstantinos Sakkas/Documents/GitHub/Learn-Unity-Intro/intro_16
Using Asset Import Pipeline V2.
Refreshing native plugins compatible for Editor in 23.75 ms, found 2 plugins.
Preloading 0 native plugins for Editor in 0.00 ms.
Initialize engine version: 2020.3.25f1 (9b9180224418)
[Subsystems] Discovering subsystems at path C:/Program Files/Unity/Hub/Editor/2020.3.25f1/Editor/Data/Resources/UnitySubsystems
[Subsystems] Discovering subsystems at path C:/Users/Konstantinos Sakkas/Documents/GitHub/Learn-Unity-Intro/intro_16/Assets
GfxDevice: creating device client; threaded=0
Direct3D:
    Version:  Direct3D 11.0 [level 11.1]
    Renderer: NVIDIA GeForce RTX 3060 (ID=0x2504)
    Vendor:   
    VRAM:     12143 MB
    Driver:   30.0.14.9676
Initialize mono
Mono path[0] = 'C:/Program Files/Unity/Hub/Editor/2020.3.25f1/Editor/Data/Managed'
Mono path[1] = 'C:/Program Files/Unity/Hub/Editor/2020.3.25f1/Editor/Data/MonoBleedingEdge/lib/mono/unityjit'
Mono config path = 'C:/Program Files/Unity/Hub/Editor/2020.3.25f1/Editor/Data/MonoBleedingEdge/etc'
Using monoOptions --debugger-agent=transport=dt_socket,embedding=1,server=y,suspend=n,address=127.0.0.1:56840
Begin MonoManager ReloadAssembly
Registering precompiled unity dll's ...
Register platform support module: C:/Program Files/Unity/Hub/Editor/2020.3.25f1/Editor/Data/PlaybackEngines/WebGLSupport/UnityEditor.WebGL.Extensions.dll
Register platform support module: C:/Program Files/Unity/Hub/Editor/2020.3.25f1/Editor/Data/PlaybackEngines/WindowsStandaloneSupport/UnityEditor.WindowsStandalone.Extensions.dll
Registered in 0.001738 seconds.
Native extension for WindowsStandalone target not found
Native extension for WebGL target not found
Refreshing native plugins compatible for Editor in 22.24 ms, found 2 plugins.
Preloading 0 native plugins for Editor in 0.00 ms.
Mono: successfully reloaded assembly
- Completed reload, in  0.372 seconds
Domain Reload Profiling:
	ReloadAssembly (372ms)
		BeginReloadAssembly (38ms)
			ExecutionOrderSort (0ms)
			DisableScriptedObjects (0ms)
			BackupInstance (0ms)
			ReleaseScriptingObjects (0ms)
			CreateAndSetChildDomain (1ms)
		EndReloadAssembly (285ms)
			LoadAssemblies (37ms)
			RebuildTransferFunctionScriptingTraits (0ms)
			SetupTypeCache (93ms)
			ReleaseScriptCaches (0ms)
			RebuildScriptCaches (19ms)
			SetupLoadedEditorAssemblies (108ms)
				LogAssemblyErrors (0ms)
				InitializePlatformSupportModulesInManaged (4ms)
				SetLoadedEditorAssemblies (0ms)
				RefreshPlugins (22ms)
				BeforeProcessingInitializeOnLoad (6ms)
				ProcessInitializeOnLoadAttributes (57ms)
				ProcessInitializeOnLoadMethodAttributes (18ms)
				AfterProcessingInitializeOnLoad (0ms)
				EditorAssembliesLoaded (0ms)
			ExecutionOrderSort2 (0ms)
			AwakeInstancesAfterBackupRestoration (0ms)
Platform modules already initialized, skipping
Registering precompiled user dll's ...
Registered in 0.003151 seconds.
Begin MonoManager ReloadAssembly
Native extension for WindowsStandalone target not found
Native extension for WebGL target not found
Refreshing native plugins compatible for Editor in 0.31 ms, found 2 plugins.
Preloading 0 native plugins for Editor in 0.00 ms.
Mono: successfully reloaded assembly
- Completed reload, in  0.640 seconds
Domain Reload Profiling:
	ReloadAssembly (641ms)
		BeginReloadAssembly (92ms)
			ExecutionOrderSort (0ms)
			DisableScriptedObjects (3ms)
			BackupInstance (0ms)
			ReleaseScriptingObjects (0ms)
			CreateAndSetChildDomain (13ms)
		EndReloadAssembly (505ms)
			LoadAssemblies (57ms)
			RebuildTransferFunctionScriptingTraits (0ms)
			SetupTypeCache (168ms)
			ReleaseScriptCaches (0ms)
			RebuildScriptCaches (28ms)
			SetupLoadedEditorAssemblies (199ms)
				LogAssemblyErrors (0ms)
				InitializePlatformSupportModulesInManaged (4ms)
				SetLoadedEditorAssemblies (0ms)
				RefreshPlugins (0ms)
				BeforeProcessingInitializeOnLoad (38ms)
				ProcessInitializeOnLoadAttributes (145ms)
				ProcessInitializeOnLoadMethodAttributes (6ms)
				AfterProcessingInitializeOnLoad (5ms)
				EditorAssembliesLoaded (0ms)
			ExecutionOrderSort2 (0ms)
			AwakeInstancesAfterBackupRestoration (4ms)
Platform modules already initialized, skipping
========================================================================
Worker process is ready to serve import requests
Launched and connected shader compiler UnityShaderCompiler.exe after 0.07 seconds
Refreshing native plugins compatible for Editor in 0.31 ms, found 2 plugins.
Preloading 0 native plugins for Editor in 0.00 ms.
Unloading 1653 Unused Serialized files (Serialized files now loaded: 0)
System memory in use before: 73.6 MB.
System memory in use after: 73.6 MB.

Unloading 20 unused Assets to reduce memory usage. Loaded Objects now: 2085.
Total: 2.020300 ms (FindLiveObjects: 0.102800 ms CreateObjectMapping: 0.031800 ms MarkObjects: 1.841800 ms  DeleteObjects: 0.043500 ms)

AssetImportParameters requested are different than current active one (requested -> active):
  custom:framework-win-MediaFoundation: 216162199b28c13a410421893ffa2e32 -> 
  custom:video-decoder-ogg-theora: a1e56fd34408186e4bbccfd4996cb3dc -> 
  custom:container-muxer-webm: aa71ff27fc2769a1b78a27578f13a17b -> 
  custom:container-demuxer-webm: 4f35f7cbe854078d1ac9338744f61a02 -> 
  custom:container-demuxer-ogg: 62fdf1f143b41e24485cea50d1cbac27 -> 
  custom:video-encoder-webm-vp8: eb34c28f22e8b96e1ab97ce403110664 -> 
  custom:video-decoder-webm-vp8: 9c59270c3fd7afecdb556c50c9e8de78 -> 
  custom:audio-decoder-ogg-vorbis: bf7c407c2cedff20999df2af8eb42d56 -> 
  custom:audio-encoder-webm-vorbis: bf7c407c2cedff20999df2af8eb42d56 -> 
========================================================================
Received Import Request.
  path: Assets/Colors/New Material 1.mat
  artifactKey: Guid(23903fd02f9b4354ebd73d283af5d5ab) Importer(815301076,1909f56bfc062723c751e8b465ee728b)
Start importing Assets/Colors/New Material 1.mat using Guid(23903fd02f9b4354ebd73d283af5d5ab) Importer(815301076,1909f56bfc062723c751e8b465ee728b)  -> (artifact id: '4710f698934d350abc6c99f615956a0f') in 0.073956 seconds 
  Import took 0.076244 seconds .

========================================================================
Received Import Request.
  Time since last request: 5.453623 seconds.
  path: Assets/Colors/New Material 2.mat
  artifactKey: Guid(3d890a0638e4ce14189c2c3e8906bce7) Importer(815301076,1909f56bfc062723c751e8b465ee728b)
Start importing Assets/Colors/New Material 2.mat using Guid(3d890a0638e4ce14189c2c3e8906bce7) Importer(815301076,1909f56bfc062723c751e8b465ee728b)  -> (artifact id: '9191832aeb3cd768773cd45d215a2cb2') in 0.009583 seconds 
  Import took 0.011872 seconds .

========================================================================
Received Prepare
Registering precompiled user dll's ...
Registered in 0.003082 seconds.
Begin MonoManager ReloadAssembly
Native extension for WindowsStandalone target not found
Native extension for WebGL target not found
Refreshing native plugins compatible for Editor in 0.32 ms, found 2 plugins.
Preloading 0 native plugins for Editor in 0.00 ms.
Mono: successfully reloaded assembly
- Completed reload, in  0.614 seconds
Domain Reload Profiling:
	ReloadAssembly (614ms)
		BeginReloadAssembly (80ms)
			ExecutionOrderSort (0ms)
			DisableScriptedObjects (3ms)
			BackupInstance (0ms)
			ReleaseScriptingObjects (0ms)
			CreateAndSetChildDomain (24ms)
		EndReloadAssembly (493ms)
			LoadAssemblies (57ms)
			RebuildTransferFunctionScriptingTraits (0ms)
			SetupTypeCache (168ms)
			ReleaseScriptCaches (1ms)
			RebuildScriptCaches (25ms)
			SetupLoadedEditorAssemblies (184ms)
				LogAssemblyErrors (0ms)
				InitializePlatformSupportModulesInManaged (4ms)
				SetLoadedEditorAssemblies (0ms)
				RefreshPlugins (0ms)
				BeforeProcessingInitializeOnLoad (35ms)
				ProcessInitializeOnLoadAttributes (134ms)
				ProcessInitializeOnLoadMethodAttributes (5ms)
				AfterProcessingInitializeOnLoad (5ms)
				EditorAssembliesLoaded (0ms)
			ExecutionOrderSort2 (0ms)
			AwakeInstancesAfterBackupRestoration (4ms)
Platform modules already initialized, skipping
Refreshing native plugins compatible for Editor in 0.31 ms, found 2 plugins.
Preloading 0 native plugins for Editor in 0.00 ms.
Unloading 1645 Unused Serialized files (Serialized files now loaded: 0)
System memory in use before: 76.6 MB.
System memory in use after: 76.7 MB.

Unloading 15 unused Assets to reduce memory usage. Loaded Objects now: 2127.
Total: 1.993100 ms (FindLiveObjects: 0.117200 ms CreateObjectMapping: 0.037200 ms MarkObjects: 1.825800 ms  DeleteObjects: 0.012300 ms)

AssetImportParameters requested are different than current active one (requested -> active):
  custom:framework-win-MediaFoundation: 216162199b28c13a410421893ffa2e32 -> 
  custom:video-decoder-ogg-theora: a1e56fd34408186e4bbccfd4996cb3dc -> 
  custom:container-muxer-webm: aa71ff27fc2769a1b78a27578f13a17b -> 
  custom:container-demuxer-webm: 4f35f7cbe854078d1ac9338744f61a02 -> 
  custom:container-demuxer-ogg: 62fdf1f143b41e24485cea50d1cbac27 -> 
  custom:video-encoder-webm-vp8: eb34c28f22e8b96e1ab97ce403110664 -> 
  custom:video-decoder-webm-vp8: 9c59270c3fd7afecdb556c50c9e8de78 -> 
  custom:audio-decoder-ogg-vorbis: bf7c407c2cedff20999df2af8eb42d56 -> 
  custom:audio-encoder-webm-vorbis: bf7c407c2cedff20999df2af8eb42d56 -> 
========================================================================
Received Import Request.
  Time since last request: 1456.376564 seconds.
  path: Assets
  artifactKey: Guid(00000000000000001000000000000000) Importer(815301076,1909f56bfc062723c751e8b465ee728b)
Start importing Assets using Guid(00000000000000001000000000000000) Importer(815301076,1909f56bfc062723c751e8b465ee728b)  -> (artifact id: '42d402b061de3733987d63b9cc3b64de') in 0.006497 seconds 
  Import took 0.008693 seconds .

========================================================================
Received Import Request.
  Time since last request: 46.231624 seconds.
  path: Assets/Prefabs
  artifactKey: Guid(d2320959b24ec144faf3d019e0cf7440) Importer(815301076,1909f56bfc062723c751e8b465ee728b)
Start importing Assets/Prefabs using Guid(d2320959b24ec144faf3d019e0cf7440) Importer(815301076,1909f56bfc062723c751e8b465ee728b)  -> (artifact id: '29902f905c40a84b0ad576811e7a7268') in 0.005042 seconds 
  Import took 0.007273 seconds .

========================================================================
Received Import Request.
  Time since last request: 1350.588234 seconds.
  path: Assets/Prefabs/Player.prefab
  artifactKey: Guid(1dfaf4c6e529d604aab615309e6eca62) Importer(815301076,1909f56bfc062723c751e8b465ee728b)
Start importing Assets/Prefabs/Player.prefab using Guid(1dfaf4c6e529d604aab615309e6eca62) Importer(815301076,1909f56bfc062723c751e8b465ee728b)  -> (artifact id: 'a2aedbd8df8efb2289ce5abf8a511544') in 0.040531 seconds 
  Import took 0.042988 seconds .

========================================================================
Received Import Request.
  Time since last request: 1395.863943 seconds.
  path: Assets/Prefabs/box.prefab
  artifactKey: Guid(c0ffeb613990de647b8dd0a88eb01617) Importer(815301076,1909f56bfc062723c751e8b465ee728b)
Start importing Assets/Prefabs/box.prefab using Guid(c0ffeb613990de647b8dd0a88eb01617) Importer(815301076,1909f56bfc062723c751e8b465ee728b)  -> (artifact id: '1c905a31b4f4638dc60dd4ce1325fe3f') in 0.010781 seconds 
  Import took 0.013109 seconds .

========================================================================
Received Import Request.
  Time since last request: 7.102119 seconds.
  path: Assets/Prefabs/Spinner.prefab
  artifactKey: Guid(eee5cff454a847640b218820788f9d48) Importer(815301076,1909f56bfc062723c751e8b465ee728b)
Start importing Assets/Prefabs/Spinner.prefab using Guid(eee5cff454a847640b218820788f9d48) Importer(815301076,1909f56bfc062723c751e8b465ee728b)  -> (artifact id: '346e5ba5d195f34d70b6c4138d24dd1f') in 0.011104 seconds 
  Import took 0.013190 seconds .

========================================================================
Received Import Request.
  Time since last request: 2.771767 seconds.
  path: Assets/Prefabs/Cube.prefab
  artifactKey: Guid(7e1b3ca3fbe89e14292214ce16201f47) Importer(815301076,1909f56bfc062723c751e8b465ee728b)
Start importing Assets/Prefabs/Cube.prefab using Guid(7e1b3ca3fbe89e14292214ce16201f47) Importer(815301076,1909f56bfc062723c751e8b465ee728b)  -> (artifact id: '761f2f9e639e1a4e87d36e1fdf664573') in 0.010535 seconds 
  Import took 0.012614 seconds .

========================================================================
Received Import Request.
  Time since last request: 16.517736 seconds.
  path: Assets/Prefabs/Cube 1.prefab
  artifactKey: Guid(dc5ec89e682ab214b954c57f3010cda4) Importer(815301076,1909f56bfc062723c751e8b465ee728b)
Start importing Assets/Prefabs/Cube 1.prefab using Guid(dc5ec89e682ab214b954c57f3010cda4) Importer(815301076,1909f56bfc062723c751e8b465ee728b)  -> (artifact id: '6ec075f27a85cf9090cc494e11d19d14') in 0.008159 seconds 
  Import took 0.010125 seconds .

========================================================================
Received Import Request.
  Time since last request: 1.756651 seconds.
  path: Assets/Prefabs/Spinner 1.prefab
  artifactKey: Guid(9a15430b87f602c48848c3c6c36be0b5) Importer(815301076,1909f56bfc062723c751e8b465ee728b)
Start importing Assets/Prefabs/Spinner 1.prefab using Guid(9a15430b87f602c48848c3c6c36be0b5) Importer(815301076,1909f56bfc062723c751e8b465ee728b)  -> (artifact id: '863bb709c0905f75c5171571985f44c9') in 0.008825 seconds 
  Import took 0.011080 seconds .

========================================================================
Received Import Request.
  Time since last request: 18.732786 seconds.
  path: Assets/Prefabs/Spinner.prefab
  artifactKey: Guid(9a15430b87f602c48848c3c6c36be0b5) Importer(815301076,1909f56bfc062723c751e8b465ee728b)
Start importing Assets/Prefabs/Spinner.prefab using Guid(9a15430b87f602c48848c3c6c36be0b5) Importer(815301076,1909f56bfc062723c751e8b465ee728b)  -> (artifact id: '889396d7347cdbd62df2f7fbc853f7ce') in 0.010889 seconds 
  Import took 0.013406 seconds .

========================================================================
Received Import Request.
  Time since last request: 2.744444 seconds.
  path: Assets/Prefabs/Cube.prefab
  artifactKey: Guid(dc5ec89e682ab214b954c57f3010cda4) Importer(815301076,1909f56bfc062723c751e8b465ee728b)
Start importing Assets/Prefabs/Cube.prefab using Guid(dc5ec89e682ab214b954c57f3010cda4) Importer(815301076,1909f56bfc062723c751e8b465ee728b)  -> (artifact id: 'be51e931016d4feabeeb07bafab5d4eb') in 0.008279 seconds 
  Import took 0.010404 seconds .

========================================================================
Received Import Request.
  Time since last request: 11.319233 seconds.
  path: Assets/Prefabs/Sphere.prefab
  artifactKey: Guid(3e8f5f34452042941a2ba80016b5d998) Importer(815301076,1909f56bfc062723c751e8b465ee728b)
Start importing Assets/Prefabs/Sphere.prefab using Guid(3e8f5f34452042941a2ba80016b5d998) Importer(815301076,1909f56bfc062723c751e8b465ee728b)  -> (artifact id: 'e163c82050e4b66cc16ccaefa0ee1569') in 0.011093 seconds 
  Import took 0.013693 seconds .

========================================================================
Received Import Request.
  Time since last request: 5.079833 seconds.
  path: Assets/Prefabs/box.prefab
  artifactKey: Guid(c0ffeb613990de647b8dd0a88eb01617) Importer(815301076,1909f56bfc062723c751e8b465ee728b)
Start importing Assets/Prefabs/box.prefab using Guid(c0ffeb613990de647b8dd0a88eb01617) Importer(815301076,1909f56bfc062723c751e8b465ee728b)  -> (artifact id: '1fe5ba07e14e39d0eec8f0b5e4297986') in 0.007762 seconds 
  Import took 0.009894 seconds .

AssetImportWorkerClient::OnTransportError - code=2 error=End of file
