Using pre-set license
Built from '2020.3/staging' branch; Version is '2020.3.13f1 (71691879b7f5) revision 7432472'; Using compiler version '192528614'; Build Type 'Release'
OS: 'Windows 10 Home; OS build 19043.1288; Version 2009; 64bit' Language: 'el' Physical Memory: 16263 MB
BatchMode: 1, IsHumanControllingUs: 0, StartBugReporterOnCrash: 0, Is64bit: 1, IsPro: 0

 COMMAND LINE ARGUMENTS:
C:\Program Files\Unity\Hub\Editor\2020.3.13f1\Editor\Unity.exe
-adb2
-batchMode
-noUpm
-name
AssetImportWorker0
-projectPath
E:/unity_intro/Learn-Unity/My project
-logFile
Logs/AssetImportWorker0.log
-srvPort
56555
Successfully changed project path to: E:/unity_intro/Learn-Unity/My project
E:/unity_intro/Learn-Unity/My project
Using Asset Import Pipeline V2.
Refreshing native plugins compatible for Editor in 34.07 ms, found 2 plugins.
Preloading 0 native plugins for Editor in 0.00 ms.
Initialize engine version: 2020.3.13f1 (71691879b7f5)
[Subsystems] Discovering subsystems at path C:/Program Files/Unity/Hub/Editor/2020.3.13f1/Editor/Data/Resources/UnitySubsystems
[Subsystems] Discovering subsystems at path E:/unity_intro/Learn-Unity/My project/Assets
GfxDevice: creating device client; threaded=0
Direct3D:
    Version:  Direct3D 11.0 [level 11.1]
    Renderer: Radeon 520 Series (ID=0x6665)
    Vendor:   
    VRAM:     2039 MB
    Driver:   27.20.1012.12
Initialize mono
Mono path[0] = 'C:/Program Files/Unity/Hub/Editor/2020.3.13f1/Editor/Data/Managed'
Mono path[1] = 'C:/Program Files/Unity/Hub/Editor/2020.3.13f1/Editor/Data/MonoBleedingEdge/lib/mono/unityjit'
Mono config path = 'C:/Program Files/Unity/Hub/Editor/2020.3.13f1/Editor/Data/MonoBleedingEdge/etc'
Using monoOptions --debugger-agent=transport=dt_socket,embedding=1,server=y,suspend=n,address=127.0.0.1:56608
Begin MonoManager ReloadAssembly
Registering precompiled unity dll's ...
Register platform support module: C:/Program Files/Unity/Hub/Editor/2020.3.13f1/Editor/Data/PlaybackEngines/WindowsStandaloneSupport/UnityEditor.WindowsStandalone.Extensions.dll
Registered in 0.003496 seconds.
Native extension for WindowsStandalone target not found
Refreshing native plugins compatible for Editor in 32.26 ms, found 2 plugins.
Preloading 0 native plugins for Editor in 0.00 ms.
Mono: successfully reloaded assembly
- Completed reload, in  2.273 seconds
Platform modules already initialized, skipping
Registering precompiled user dll's ...
Registered in 0.007056 seconds.
Begin MonoManager ReloadAssembly
Native extension for WindowsStandalone target not found
Refreshing native plugins compatible for Editor in 0.29 ms, found 2 plugins.
Preloading 0 native plugins for Editor in 0.00 ms.
Mono: successfully reloaded assembly
- Completed reload, in  1.593 seconds
Platform modules already initialized, skipping
========================================================================
Worker process is ready to serve import requests
Launched and connected shader compiler UnityShaderCompiler.exe after 0.06 seconds
Refreshing native plugins compatible for Editor in 0.45 ms, found 2 plugins.
Preloading 0 native plugins for Editor in 0.00 ms.
Unloading 1393 Unused Serialized files (Serialized files now loaded: 0)
System memory in use before: 64.8 MB.
System memory in use after: 64.9 MB.

Unloading 19 unused Assets to reduce memory usage. Loaded Objects now: 1825.
Total: 2.769500 ms (FindLiveObjects: 0.235900 ms CreateObjectMapping: 0.093900 ms MarkObjects: 2.346100 ms  DeleteObjects: 0.091600 ms)

AssetImportParameters requested are different than current active one (requested -> active):
  custom:framework-win-MediaFoundation: 216162199b28c13a410421893ffa2e32 -> 
  custom:video-decoder-ogg-theora: a1e56fd34408186e4bbccfd4996cb3dc -> 
  custom:container-muxer-webm: aa71ff27fc2769a1b78a27578f13a17b -> 
  custom:container-demuxer-webm: 4f35f7cbe854078d1ac9338744f61a02 -> 
  custom:container-demuxer-ogg: 62fdf1f143b41e24485cea50d1cbac27 -> 
  custom:video-encoder-webm-vp8: eb34c28f22e8b96e1ab97ce403110664 -> 
  custom:video-decoder-webm-vp8: 9c59270c3fd7afecdb556c50c9e8de78 -> 
  custom:audio-decoder-ogg-vorbis: bf7c407c2cedff20999df2af8eb42d56 -> 
  custom:audio-encoder-webm-vorbis: bf7c407c2cedff20999df2af8eb42d56 -> 
========================================================================
Received Import Request.
  path: Assets/Colors/planec.mat
  artifactKey: Guid(ab1b954829d2b3440bb644f27b1dac1e) Importer(815301076,1909f56bfc062723c751e8b465ee728b)
Start importing Assets/Colors/planec.mat using Guid(ab1b954829d2b3440bb644f27b1dac1e) Importer(815301076,1909f56bfc062723c751e8b465ee728b)  -> (artifact id: 'beb77476e0a461433f11f1e6546a9dc6') in 0.164385 seconds 
  Import took 0.168248 seconds .

========================================================================
Received Import Request.
  Time since last request: 0.000229 seconds.
  path: Assets/Colors
  artifactKey: Guid(4870e2dbd24ca8d4b92c50b903185c4f) Importer(815301076,1909f56bfc062723c751e8b465ee728b)
Start importing Assets/Colors using Guid(4870e2dbd24ca8d4b92c50b903185c4f) Importer(815301076,1909f56bfc062723c751e8b465ee728b)  -> (artifact id: '6ec890a7662e7ea587785125c09f92ab') in 0.015952 seconds 
  Import took 0.021264 seconds .

========================================================================
Received Import Request.
  Time since last request: 0.000183 seconds.
  path: Assets/Colors/cubec.mat
  artifactKey: Guid(e96ab96a2f301ad46a31d16141bff05f) Importer(815301076,1909f56bfc062723c751e8b465ee728b)
Start importing Assets/Colors/cubec.mat using Guid(e96ab96a2f301ad46a31d16141bff05f) Importer(815301076,1909f56bfc062723c751e8b465ee728b)  -> (artifact id: '447cad59693f8fd08fb47f4c640e47aa') in 0.031690 seconds 
  Import took 0.035815 seconds .

========================================================================
Received Import Request.
  Time since last request: 379.977066 seconds.
  path: Assets/Code
  artifactKey: Guid(c964a249ac7588745870f149ab5e4643) Importer(815301076,1909f56bfc062723c751e8b465ee728b)
Start importing Assets/Code using Guid(c964a249ac7588745870f149ab5e4643) Importer(815301076,1909f56bfc062723c751e8b465ee728b)  -> (artifact id: 'd9bfe6dd68a2c27077bb4541b8ab6b1e') in 0.009726 seconds 
  Import took 0.014899 seconds .

========================================================================
Received Import Request.
  Time since last request: 0.002512 seconds.
  path: Assets/Code
  artifactKey: Guid(c964a249ac7588745870f149ab5e4643) Importer(815301076,1909f56bfc062723c751e8b465ee728b)
Start importing Assets/Code using Guid(c964a249ac7588745870f149ab5e4643) Importer(815301076,1909f56bfc062723c751e8b465ee728b)  -> (artifact id: 'd9bfe6dd68a2c27077bb4541b8ab6b1e') in 0.004293 seconds 
  Import took 0.009461 seconds .

========================================================================
Received Import Request.
  Time since last request: 0.691890 seconds.
  path: Assets/Code/cubecode.cs
  artifactKey: Guid(20cec7150b790f34fb9cdde7278526a1) Importer(815301076,1909f56bfc062723c751e8b465ee728b)
Start importing Assets/Code/cubecode.cs using Guid(20cec7150b790f34fb9cdde7278526a1) Importer(815301076,1909f56bfc062723c751e8b465ee728b)  -> (artifact id: '20296509a0d352923ba6f99c8f1345e6') in 0.025736 seconds 
  Import took 0.077037 seconds .

========================================================================
Received Import Request.
  Time since last request: 0.117988 seconds.
  path: Assets/Code/cubecode.cs
  artifactKey: Guid(20cec7150b790f34fb9cdde7278526a1) Importer(815301076,1909f56bfc062723c751e8b465ee728b)
Start importing Assets/Code/cubecode.cs using Guid(20cec7150b790f34fb9cdde7278526a1) Importer(815301076,1909f56bfc062723c751e8b465ee728b)  -> (artifact id: '20296509a0d352923ba6f99c8f1345e6') in 0.003944 seconds 
  Import took 0.007507 seconds .

========================================================================
Received Import Request.
  Time since last request: 1250.608578 seconds.
  path: Assets/Code/cubecode.cs
  artifactKey: Guid(20cec7150b790f34fb9cdde7278526a1) Importer(815301076,1909f56bfc062723c751e8b465ee728b)
Start importing Assets/Code/cubecode.cs using Guid(20cec7150b790f34fb9cdde7278526a1) Importer(815301076,1909f56bfc062723c751e8b465ee728b)  -> (artifact id: 'c2fa6a76132ce4320e36e8e6d43d05e1') in 0.008000 seconds 
  Import took 0.066065 seconds .

========================================================================
Received Import Request.
  Time since last request: 0.117424 seconds.
  path: Assets/Code/cubecode.cs
  artifactKey: Guid(20cec7150b790f34fb9cdde7278526a1) Importer(815301076,1909f56bfc062723c751e8b465ee728b)
Start importing Assets/Code/cubecode.cs using Guid(20cec7150b790f34fb9cdde7278526a1) Importer(815301076,1909f56bfc062723c751e8b465ee728b)  -> (artifact id: 'c2fa6a76132ce4320e36e8e6d43d05e1') in 0.009094 seconds 
  Import took 0.014570 seconds .

========================================================================
Received Import Request.
  Time since last request: 12.729803 seconds.
  path: Assets/Code/cubecode.cs
  artifactKey: Guid(20cec7150b790f34fb9cdde7278526a1) Importer(815301076,1909f56bfc062723c751e8b465ee728b)
Start importing Assets/Code/cubecode.cs using Guid(20cec7150b790f34fb9cdde7278526a1) Importer(815301076,1909f56bfc062723c751e8b465ee728b)  -> (artifact id: '75d16ec9e7a53ac1fd21eae16a697b27') in 0.006721 seconds 
  Import took 0.010601 seconds .

========================================================================
Received Prepare
Registering precompiled user dll's ...
Registered in 0.005652 seconds.
Begin MonoManager ReloadAssembly
Native extension for WindowsStandalone target not found
Refreshing native plugins compatible for Editor in 0.30 ms, found 2 plugins.
Preloading 0 native plugins for Editor in 0.00 ms.
Mono: successfully reloaded assembly
- Completed reload, in  1.369 seconds
Platform modules already initialized, skipping
Refreshing native plugins compatible for Editor in 0.34 ms, found 2 plugins.
Preloading 0 native plugins for Editor in 0.00 ms.
Unloading 1388 Unused Serialized files (Serialized files now loaded: 0)
System memory in use before: 68.1 MB.
System memory in use after: 68.2 MB.

Unloading 14 unused Assets to reduce memory usage. Loaded Objects now: 1867.
Total: 2.158800 ms (FindLiveObjects: 0.177200 ms CreateObjectMapping: 0.051800 ms MarkObjects: 1.870400 ms  DeleteObjects: 0.058300 ms)

AssetImportParameters requested are different than current active one (requested -> active):
  custom:framework-win-MediaFoundation: 216162199b28c13a410421893ffa2e32 -> 
  custom:video-decoder-ogg-theora: a1e56fd34408186e4bbccfd4996cb3dc -> 
  custom:container-muxer-webm: aa71ff27fc2769a1b78a27578f13a17b -> 
  custom:container-demuxer-webm: 4f35f7cbe854078d1ac9338744f61a02 -> 
  custom:container-demuxer-ogg: 62fdf1f143b41e24485cea50d1cbac27 -> 
  custom:video-encoder-webm-vp8: eb34c28f22e8b96e1ab97ce403110664 -> 
  custom:video-decoder-webm-vp8: 9c59270c3fd7afecdb556c50c9e8de78 -> 
  custom:audio-decoder-ogg-vorbis: bf7c407c2cedff20999df2af8eb42d56 -> 
  custom:audio-encoder-webm-vorbis: bf7c407c2cedff20999df2af8eb42d56 -> 
========================================================================
Received Prepare
Registering precompiled user dll's ...
Registered in 0.006437 seconds.
Begin MonoManager ReloadAssembly
Native extension for WindowsStandalone target not found
Refreshing native plugins compatible for Editor in 0.70 ms, found 2 plugins.
Preloading 0 native plugins for Editor in 0.00 ms.
Mono: successfully reloaded assembly
- Completed reload, in  1.711 seconds
Platform modules already initialized, skipping
Refreshing native plugins compatible for Editor in 0.60 ms, found 2 plugins.
Preloading 0 native plugins for Editor in 0.00 ms.
Unloading 1388 Unused Serialized files (Serialized files now loaded: 0)
System memory in use before: 68.1 MB.
System memory in use after: 68.2 MB.

Unloading 14 unused Assets to reduce memory usage. Loaded Objects now: 1869.
Total: 3.565300 ms (FindLiveObjects: 0.306900 ms CreateObjectMapping: 0.090200 ms MarkObjects: 3.082100 ms  DeleteObjects: 0.084300 ms)

AssetImportParameters requested are different than current active one (requested -> active):
  custom:framework-win-MediaFoundation: 216162199b28c13a410421893ffa2e32 -> 
  custom:video-decoder-ogg-theora: a1e56fd34408186e4bbccfd4996cb3dc -> 
  custom:container-muxer-webm: aa71ff27fc2769a1b78a27578f13a17b -> 
  custom:container-demuxer-webm: 4f35f7cbe854078d1ac9338744f61a02 -> 
  custom:container-demuxer-ogg: 62fdf1f143b41e24485cea50d1cbac27 -> 
  custom:video-encoder-webm-vp8: eb34c28f22e8b96e1ab97ce403110664 -> 
  custom:video-decoder-webm-vp8: 9c59270c3fd7afecdb556c50c9e8de78 -> 
  custom:audio-decoder-ogg-vorbis: bf7c407c2cedff20999df2af8eb42d56 -> 
  custom:audio-encoder-webm-vorbis: bf7c407c2cedff20999df2af8eb42d56 -> 
========================================================================
Received Prepare
Registering precompiled user dll's ...
Registered in 0.007304 seconds.
Begin MonoManager ReloadAssembly
Native extension for WindowsStandalone target not found
Refreshing native plugins compatible for Editor in 0.42 ms, found 2 plugins.
Preloading 0 native plugins for Editor in 0.00 ms.
Mono: successfully reloaded assembly
- Completed reload, in  2.058 seconds
Platform modules already initialized, skipping
Refreshing native plugins compatible for Editor in 0.37 ms, found 2 plugins.
Preloading 0 native plugins for Editor in 0.00 ms.
Unloading 1388 Unused Serialized files (Serialized files now loaded: 0)
System memory in use before: 68.1 MB.
System memory in use after: 68.2 MB.

Unloading 14 unused Assets to reduce memory usage. Loaded Objects now: 1871.
Total: 3.412000 ms (FindLiveObjects: 0.198000 ms CreateObjectMapping: 0.060100 ms MarkObjects: 2.945300 ms  DeleteObjects: 0.206800 ms)

AssetImportParameters requested are different than current active one (requested -> active):
  custom:framework-win-MediaFoundation: 216162199b28c13a410421893ffa2e32 -> 
  custom:video-decoder-ogg-theora: a1e56fd34408186e4bbccfd4996cb3dc -> 
  custom:container-muxer-webm: aa71ff27fc2769a1b78a27578f13a17b -> 
  custom:container-demuxer-webm: 4f35f7cbe854078d1ac9338744f61a02 -> 
  custom:container-demuxer-ogg: 62fdf1f143b41e24485cea50d1cbac27 -> 
  custom:video-encoder-webm-vp8: eb34c28f22e8b96e1ab97ce403110664 -> 
  custom:video-decoder-webm-vp8: 9c59270c3fd7afecdb556c50c9e8de78 -> 
  custom:audio-decoder-ogg-vorbis: bf7c407c2cedff20999df2af8eb42d56 -> 
  custom:audio-encoder-webm-vorbis: bf7c407c2cedff20999df2af8eb42d56 -> 
========================================================================
Received Prepare
Registering precompiled user dll's ...
Registered in 0.006486 seconds.
Begin MonoManager ReloadAssembly
Native extension for WindowsStandalone target not found
Refreshing native plugins compatible for Editor in 1.02 ms, found 2 plugins.
Preloading 0 native plugins for Editor in 0.00 ms.
Mono: successfully reloaded assembly
- Completed reload, in  2.537 seconds
Platform modules already initialized, skipping
Refreshing native plugins compatible for Editor in 0.47 ms, found 2 plugins.
Preloading 0 native plugins for Editor in 0.00 ms.
Unloading 1388 Unused Serialized files (Serialized files now loaded: 0)
System memory in use before: 68.2 MB.
System memory in use after: 68.2 MB.

Unloading 14 unused Assets to reduce memory usage. Loaded Objects now: 1873.
Total: 3.225700 ms (FindLiveObjects: 0.298300 ms CreateObjectMapping: 0.116700 ms MarkObjects: 2.728000 ms  DeleteObjects: 0.080800 ms)

AssetImportParameters requested are different than current active one (requested -> active):
  custom:framework-win-MediaFoundation: 216162199b28c13a410421893ffa2e32 -> 
  custom:video-decoder-ogg-theora: a1e56fd34408186e4bbccfd4996cb3dc -> 
  custom:container-muxer-webm: aa71ff27fc2769a1b78a27578f13a17b -> 
  custom:container-demuxer-webm: 4f35f7cbe854078d1ac9338744f61a02 -> 
  custom:container-demuxer-ogg: 62fdf1f143b41e24485cea50d1cbac27 -> 
  custom:video-encoder-webm-vp8: eb34c28f22e8b96e1ab97ce403110664 -> 
  custom:video-decoder-webm-vp8: 9c59270c3fd7afecdb556c50c9e8de78 -> 
  custom:audio-decoder-ogg-vorbis: bf7c407c2cedff20999df2af8eb42d56 -> 
  custom:audio-encoder-webm-vorbis: bf7c407c2cedff20999df2af8eb42d56 -> 
========================================================================
Received Prepare
Registering precompiled user dll's ...
Registered in 0.004308 seconds.
Begin MonoManager ReloadAssembly
Native extension for WindowsStandalone target not found
Refreshing native plugins compatible for Editor in 0.33 ms, found 2 plugins.
Preloading 0 native plugins for Editor in 0.00 ms.
Mono: successfully reloaded assembly
- Completed reload, in  1.091 seconds
Platform modules already initialized, skipping
Refreshing native plugins compatible for Editor in 0.54 ms, found 2 plugins.
Preloading 0 native plugins for Editor in 0.00 ms.
Unloading 1388 Unused Serialized files (Serialized files now loaded: 0)
System memory in use before: 68.2 MB.
System memory in use after: 68.2 MB.

Unloading 14 unused Assets to reduce memory usage. Loaded Objects now: 1875.
Total: 2.130800 ms (FindLiveObjects: 0.155300 ms CreateObjectMapping: 0.043900 ms MarkObjects: 1.875600 ms  DeleteObjects: 0.055200 ms)

AssetImportParameters requested are different than current active one (requested -> active):
  custom:framework-win-MediaFoundation: 216162199b28c13a410421893ffa2e32 -> 
  custom:video-decoder-ogg-theora: a1e56fd34408186e4bbccfd4996cb3dc -> 
  custom:container-muxer-webm: aa71ff27fc2769a1b78a27578f13a17b -> 
  custom:container-demuxer-webm: 4f35f7cbe854078d1ac9338744f61a02 -> 
  custom:container-demuxer-ogg: 62fdf1f143b41e24485cea50d1cbac27 -> 
  custom:video-encoder-webm-vp8: eb34c28f22e8b96e1ab97ce403110664 -> 
  custom:video-decoder-webm-vp8: 9c59270c3fd7afecdb556c50c9e8de78 -> 
  custom:audio-decoder-ogg-vorbis: bf7c407c2cedff20999df2af8eb42d56 -> 
  custom:audio-encoder-webm-vorbis: bf7c407c2cedff20999df2af8eb42d56 -> 
========================================================================
Received Import Request.
  Time since last request: 185.297800 seconds.
  path: Assets/IMG/logo_c_black_h1000_bgClear.png
  artifactKey: Guid(f9a691985abe0be4b9d65299c0073f7d) Importer(815301076,1909f56bfc062723c751e8b465ee728b)
Start importing Assets/IMG/logo_c_black_h1000_bgClear.png using Guid(f9a691985abe0be4b9d65299c0073f7d) Importer(815301076,1909f56bfc062723c751e8b465ee728b)  -> (artifact id: '3435b6ae868e4547a4f862ba53c7340b') in 0.106744 seconds 
  Import took 0.110172 seconds .

========================================================================
Received Import Request.
  Time since last request: 0.002992 seconds.
  path: Assets/IMG/logo_c_black_h1000_bgClear.png
  artifactKey: Guid(f9a691985abe0be4b9d65299c0073f7d) Importer(815301076,1909f56bfc062723c751e8b465ee728b)
Start importing Assets/IMG/logo_c_black_h1000_bgClear.png using Guid(f9a691985abe0be4b9d65299c0073f7d) Importer(815301076,1909f56bfc062723c751e8b465ee728b)  -> (artifact id: '3435b6ae868e4547a4f862ba53c7340b') in 0.019896 seconds 
  Import took 0.025554 seconds .

========================================================================
Received Import Request.
  Time since last request: 380.978128 seconds.
  path: Assets/Scenes
  artifactKey: Guid(cbca75285fc5c0b4692393c889f2d0df) Importer(815301076,1909f56bfc062723c751e8b465ee728b)
Start importing Assets/Scenes using Guid(cbca75285fc5c0b4692393c889f2d0df) Importer(815301076,1909f56bfc062723c751e8b465ee728b)  -> (artifact id: 'dfdb94a99308b4af424baa52e31396f8') in 0.007820 seconds 
  Import took 0.114880 seconds .

========================================================================
Received Import Request.
  Time since last request: 0.824042 seconds.
  path: Assets/Scenes/SampleScene.unity
  artifactKey: Guid(9fc0d4010bbf28b4594072e72b8655ab) Importer(815301076,1909f56bfc062723c751e8b465ee728b)
Start importing Assets/Scenes/SampleScene.unity using Guid(9fc0d4010bbf28b4594072e72b8655ab) Importer(815301076,1909f56bfc062723c751e8b465ee728b)  -> (artifact id: '3b9ec9f657849eda810db4c2e5112f4a') in 0.011842 seconds 
  Import took 0.014361 seconds .

AssetImportWorkerClient::OnTransportError - code=2 error=End of file
